
10월 11, 2022 10:07:54.495 NEW SESSION
10월 11, 2022 10:07:54.495 [8260:2316:1011/100754.493:ERROR:device_event_log_impl.cc(214)] [10:07:54.492] USB: usb_device_handle_win.cc:1048 Failed to read descriptor from node connection: 시스템에 부착된 장치가 작동하지 않습니다. (0x1F)
10월 11, 2022 10:07:54.533 [8260:2316:1011/100754.532:ERROR:device_event_log_impl.cc(214)] [10:07:54.532] USB: usb_device_handle_win.cc:1048 Failed to read descriptor from node connection: 시스템에 부착된 장치가 작동하지 않습니다. (0x1F)
10월 11, 2022 10:08:50.635 [8260:13392:1011/100850.635:ERROR:util.cc(129)] Can't create base directory: C:\Program Files\Google\GoogleUpdater
10월 11, 2022 10:13:11.389 [11368:16616:1011/101311.389:ERROR:device_event_log_impl.cc(214)] [10:13:11.388] USB: usb_device_handle_win.cc:1048 Failed to read descriptor from node connection: 시스템에 부착된 장치가 작동하지 않습니다. (0x1F)
10월 11, 2022 10:13:11.467 [11368:16616:1011/101311.466:ERROR:device_event_log_impl.cc(214)] [10:13:11.466] USB: usb_device_handle_win.cc:1048 Failed to read descriptor from node connection: 시스템에 부착된 장치가 작동하지 않습니다. (0x1F)
10월 11, 2022 10:14:08.302 [11368:16148:1011/101408.302:ERROR:util.cc(129)] Can't create base directory: C:\Program Files\Google\GoogleUpdater
10월 11, 2022 10:14:45.22 [11368:16616:1011/101445.022:ERROR:device_event_log_impl.cc(214)] [10:14:45.022] USB: usb_service_win.cc:104 SetupDiGetDeviceProperty({{A45C254E-DF1C-4EFD-8020-67D146A850E0}, 6}) failed: 요소가 없습니다. (0x490)
10월 11, 2022 15:14:02.880 [11368:448:1011/151402.879:ERROR:util.cc(129)] Can't create base directory: C:\Program Files\Google\GoogleUpdater

10월 13, 2022 09:45:13.683 NEW SESSION
10월 13, 2022 09:45:13.683 [8944:1652:1013/094513.682:ERROR:device_event_log_impl.cc(214)] [09:45:13.681] USB: usb_device_handle_win.cc:1048 Failed to read descriptor from node connection: 시스템에 부착된 장치가 작동하지 않습니다. (0x1F)
10월 13, 2022 09:45:13.716 [8944:1652:1013/094513.716:ERROR:device_event_log_impl.cc(214)] [09:45:13.716] USB: usb_device_handle_win.cc:1048 Failed to read descriptor from node connection: 시스템에 부착된 장치가 작동하지 않습니다. (0x1F)

10월 19, 2022 09:51:36.802 NEW SESSION
10월 19, 2022 09:51:36.802 [14976:1312:1019/095136.800:ERROR:service_worker_task_queue.cc(232)] DidStartWorkerFail jlgkpaicikihijadgifklkbpdajbkhjo: 5
10월 19, 2022 09:51:42.343 [14976:1312:1019/095142.343:ERROR:service_worker_task_queue.cc(232)] DidStartWorkerFail jlgkpaicikihijadgifklkbpdajbkhjo: 5
10월 19, 2022 09:51:43.95 [14976:1312:1019/095143.095:ERROR:service_worker_task_queue.cc(232)] DidStartWorkerFail jlgkpaicikihijadgifklkbpdajbkhjo: 5
10월 19, 2022 09:51:43.457 [14976:1312:1019/095143.457:ERROR:service_worker_task_queue.cc(232)] DidStartWorkerFail jlgkpaicikihijadgifklkbpdajbkhjo: 5
10월 19, 2022 09:51:44.321 [14976:1312:1019/095144.321:ERROR:service_worker_task_queue.cc(232)] DidStartWorkerFail jlgkpaicikihijadgifklkbpdajbkhjo: 5
10월 19, 2022 09:51:44.572 [14976:1312:1019/095144.572:ERROR:device_event_log_impl.cc(214)] [09:51:44.572] USB: usb_device_handle_win.cc:1048 Failed to read descriptor from node connection: 시스템에 부착된 장치가 작동하지 않습니다. (0x1F)
10월 19, 2022 09:51:44.607 [14976:1312:1019/095144.607:ERROR:device_event_log_impl.cc(214)] [09:51:44.607] USB: usb_device_handle_win.cc:1048 Failed to read descriptor from node connection: 시스템에 부착된 장치가 작동하지 않습니다. (0x1F)
10월 19, 2022 09:52:36.661 [14976:6784:1019/095236.661:ERROR:util.cc(129)] Can't create base directory: C:\Program Files\Google\GoogleUpdater
10월 19, 2022 11:05:58.219 [6084:17184:1019/110558.218:ERROR:device_event_log_impl.cc(214)] [11:05:58.218] USB: usb_device_handle_win.cc:1048 Failed to read descriptor from node connection: 시스템에 부착된 장치가 작동하지 않습니다. (0x1F)
10월 19, 2022 11:05:58.256 [6084:17184:1019/110558.254:ERROR:device_event_log_impl.cc(214)] [11:05:58.254] USB: usb_device_handle_win.cc:1048 Failed to read descriptor from node connection: 시스템에 부착된 장치가 작동하지 않습니다. (0x1F)
10월 19, 2022 11:06:55.274 [6084:7748:1019/110655.274:ERROR:util.cc(129)] Can't create base directory: C:\Program Files\Google\GoogleUpdater

10월 20, 2022 09:58:15.380 NEW SESSION
10월 20, 2022 09:58:15.380 [1584:11560:1020/095815.377:ERROR:device_event_log_impl.cc(214)] [09:58:15.378] USB: usb_device_handle_win.cc:1048 Failed to read descriptor from node connection: 시스템에 부착된 장치가 작동하지 않습니다. (0x1F)
10월 20, 2022 09:58:15.414 [1584:11560:1020/095815.413:ERROR:device_event_log_impl.cc(214)] [09:58:15.414] USB: usb_device_handle_win.cc:1048 Failed to read descriptor from node connection: 시스템에 부착된 장치가 작동하지 않습니다. (0x1F)
10월 20, 2022 09:59:11.773 [1584:14264:1020/095911.772:ERROR:util.cc(129)] Can't create base directory: C:\Program Files\Google\GoogleUpdater
10월 20, 2022 14:12:39.530 [1584:12168:1020/141239.529:ERROR:get_updates_processor.cc(260)] PostClientToServerMessage() failed during GetUpdates with error 2
10월 20, 2022 14:31:20.147 [15300:3404:1020/143120.147:ERROR:device_event_log_impl.cc(214)] [14:31:20.147] USB: usb_device_handle_win.cc:1048 Failed to read descriptor from node connection: 시스템에 부착된 장치가 작동하지 않습니다. (0x1F)
10월 20, 2022 14:31:20.182 [15300:3404:1020/143120.181:ERROR:device_event_log_impl.cc(214)] [14:31:20.182] USB: usb_device_handle_win.cc:1048 Failed to read descriptor from node connection: 시스템에 부착된 장치가 작동하지 않습니다. (0x1F)
10월 20, 2022 14:32:16.946 [15300:3112:1020/143216.946:ERROR:util.cc(129)] Can't create base directory: C:\Program Files\Google\GoogleUpdater
